<?xml version="1.0" encoding="UTF-8"?>
<testsuite name="nhs.DbBloodManagerTest" tests="2" skipped="2" failures="0" errors="0" timestamp="2016-08-10T14:00:09" hostname="Academy7" time="0.0">
  <properties/>
  <testcase name="searchShouldReturnMatchingPatientName" classname="nhs.DbBloodManagerTest" time="0.0">
    <skipped/>
  </testcase>
  <testcase name="searchShouldReturnMatchingPatientNames" classname="nhs.DbBloodManagerTest" time="0.0">
    <skipped/>
  </testcase>
  <system-out><![CDATA[]]></system-out>
  <system-err><![CDATA[]]></system-err>
</testsuite>
