<?xml version="1.0" encoding="UTF-8"?>
<testsuite name="entity.FilmTest" tests="2" skipped="0" failures="0" errors="0" timestamp="2016-08-03T10:59:09" hostname="Academy7" time="0.013">
  <properties/>
  <testcase name="constructorShouldInitialiseFields" classname="entity.FilmTest" time="0.01"/>
  <testcase name="constructorShouldThrowExceptionIfStockNegative" classname="entity.FilmTest" time="0.001"/>
  <system-out><![CDATA[]]></system-out>
  <system-err><![CDATA[]]></system-err>
</testsuite>
