<?xml version="1.0" encoding="UTF-8"?>
<testsuite name="collections.CollectionTest" tests="4" skipped="0" failures="0" errors="0" timestamp="2016-08-10T10:18:47" hostname="Academy7" time="0.047">
  <properties/>
  <testcase name="setContainsUniqueObjects" classname="collections.CollectionTest" time="0.0"/>
  <testcase name="listCanStoreDuplicates" classname="collections.CollectionTest" time="0.016"/>
  <testcase name="mapContainsUniqueKeys" classname="collections.CollectionTest" time="0.0"/>
  <testcase name="addUpdateAndRemoveFromMap" classname="collections.CollectionTest" time="0.016"/>
  <system-out><![CDATA[]]></system-out>
  <system-err><![CDATA[]]></system-err>
</testsuite>
