<?xml version="1.0" encoding="UTF-8"?>
<testsuite name="nhs.BloodManagerTest" tests="2" skipped="0" failures="0" errors="0" timestamp="2016-08-08T15:49:30" hostname="Academy7" time="0.121">
  <properties/>
  <testcase name="searchShouldReturnMatchingPatientName" classname="nhs.BloodManagerTest" time="0.12"/>
  <testcase name="searchShouldReturnMatchingPatientNames" classname="nhs.BloodManagerTest" time="0.001"/>
  <system-out><![CDATA[]]></system-out>
  <system-err><![CDATA[]]></system-err>
</testsuite>
