<?xml version="1.0" encoding="UTF-8"?>
<testsuite name="session.JpaFilmDAOIT" tests="7" skipped="7" failures="0" errors="0" timestamp="2016-08-10T14:08:05" hostname="Academy7" time="0.0">
  <properties/>
  <testcase name="selectByIdShouldReturnCorrectFilmFromStore" classname="session.JpaFilmDAOIT" time="0.0">
    <skipped/>
  </testcase>
  <testcase name="selectAllShouldReturn250Films" classname="session.JpaFilmDAOIT" time="0.0">
    <skipped/>
  </testcase>
  <testcase name="deleteShouldReturnFalseIfFilmDoesNotExist" classname="session.JpaFilmDAOIT" time="0.0">
    <skipped/>
  </testcase>
  <testcase name="selectByTitleShouldGetMatchingFilms" classname="session.JpaFilmDAOIT" time="0.0">
    <skipped/>
  </testcase>
  <testcase name="insertShouldAddFilmToStore" classname="session.JpaFilmDAOIT" time="0.0">
    <skipped/>
  </testcase>
  <testcase name="deleteShouldRemoveFilmFromStore" classname="session.JpaFilmDAOIT" time="0.0">
    <skipped/>
  </testcase>
  <testcase name="updateShouldModifyFilmInStore" classname="session.JpaFilmDAOIT" time="0.0">
    <skipped/>
  </testcase>
  <system-out><![CDATA[]]></system-out>
  <system-err><![CDATA[]]></system-err>
</testsuite>
