<?xml version="1.0" encoding="UTF-8"?>
<testsuite name="entity.FilmTest" tests="3" skipped="0" failures="0" errors="0" timestamp="2016-08-03T15:52:28" hostname="Academy7" time="0.001">
  <properties/>
  <testcase name="filmsWithSameTitleShouldBeEqual" classname="entity.FilmTest" time="0.0"/>
  <testcase name="constructorShouldInitialiseFields" classname="entity.FilmTest" time="0.0"/>
  <testcase name="constructorShouldThrowExceptionIfStockNegative" classname="entity.FilmTest" time="0.0"/>
  <system-out><![CDATA[]]></system-out>
  <system-err><![CDATA[]]></system-err>
</testsuite>
