<?xml version="1.0" encoding="UTF-8"?>
<testsuite name="session.InMemoryFilmDAOMockTest" tests="2" skipped="0" failures="0" errors="0" timestamp="2016-08-08T15:49:30" hostname="Academy7" time="0.044">
  <properties/>
  <testcase name="selectAllShouldCallDeserializeMethodOfSerializer" classname="session.InMemoryFilmDAOMockTest" time="0.021"/>
  <testcase name="insertShouldCallSerializeMethodOfSerializer" classname="session.InMemoryFilmDAOMockTest" time="0.021"/>
  <system-out><![CDATA[]]></system-out>
  <system-err><![CDATA[]]></system-err>
</testsuite>
