<?xml version="1.0" encoding="UTF-8"?>
<testsuite name="chess.OverrideObjectTest" tests="3" skipped="0" failures="0" errors="0" timestamp="2016-08-03T13:26:05" hostname="Academy7" time="0.009">
  <properties/>
  <testcase name="equalHashcodes" classname="chess.OverrideObjectTest" time="0.008"/>
  <testcase name="valueEquality" classname="chess.OverrideObjectTest" time="0.0"/>
  <testcase name="referenceEquality" classname="chess.OverrideObjectTest" time="0.0"/>
  <system-out><![CDATA[]]></system-out>
  <system-err><![CDATA[]]></system-err>
</testsuite>
