<?xml version="1.0" encoding="UTF-8"?>
<testsuite name="session.InMemoryFilmDAOTest" tests="6" skipped="1" failures="0" errors="0" timestamp="2016-08-10T10:18:48" hostname="Academy7" time="0.109">
  <properties/>
  <testcase name="selectByIdShouldReturnMatchingFilm" classname="session.InMemoryFilmDAOTest" time="0.031"/>
  <testcase name="selectByTitleShouldGetMatchingFilms" classname="session.InMemoryFilmDAOTest" time="0.016"/>
  <testcase name="deleteShouldRemoveFilm" classname="session.InMemoryFilmDAOTest" time="0.0">
    <skipped/>
  </testcase>
  <testcase name="updateShouldModifyFilm" classname="session.InMemoryFilmDAOTest" time="0.031"/>
  <testcase name="selectAllShouldReturnCollection" classname="session.InMemoryFilmDAOTest" time="0.031"/>
  <testcase name="insertShouldReturnGeneratedId" classname="session.InMemoryFilmDAOTest" time="0.0"/>
  <system-out><![CDATA[]]></system-out>
  <system-err><![CDATA[]]></system-err>
</testsuite>
