<?xml version="1.0" encoding="UTF-8"?>
<testsuite name="session.InMemoryFilmDAOIT" tests="1" skipped="0" failures="0" errors="0" timestamp="2016-08-10T14:00:09" hostname="Academy7" time="0.056">
  <properties/>
  <testcase name="serializeAndDeserializeFilmsTest" classname="session.InMemoryFilmDAOIT" time="0.056"/>
  <system-out><![CDATA[]]></system-out>
  <system-err><![CDATA[]]></system-err>
</testsuite>
