<?xml version="1.0" encoding="UTF-8"?>
<testsuite name="nhs.BloodManagerTest" tests="2" skipped="0" failures="0" errors="0" timestamp="2016-08-10T14:08:05" hostname="Academy7" time="0.059">
  <properties/>
  <testcase name="searchShouldReturnMatchingPatientName" classname="nhs.BloodManagerTest" time="0.058"/>
  <testcase name="searchShouldReturnMatchingPatientNames" classname="nhs.BloodManagerTest" time="0.0"/>
  <system-out><![CDATA[]]></system-out>
  <system-err><![CDATA[]]></system-err>
</testsuite>
