<?xml version="1.0" encoding="UTF-8"?>
<testsuite name="entity.FilmTest" tests="3" skipped="0" failures="0" errors="0" timestamp="2016-08-03T13:26:05" hostname="Academy7" time="0.05">
  <properties/>
  <testcase name="filmsWithSameTitleShouldBeEqual" classname="entity.FilmTest" time="0.002"/>
  <testcase name="constructorShouldInitialiseFields" classname="entity.FilmTest" time="0.047"/>
  <testcase name="constructorShouldThrowExceptionIfStockNegative" classname="entity.FilmTest" time="0.0"/>
  <system-out><![CDATA[]]></system-out>
  <system-err><![CDATA[]]></system-err>
</testsuite>
