<?xml version="1.0" encoding="UTF-8"?>
<testsuite name="library.BookTest" tests="1" skipped="0" failures="0" errors="0" timestamp="2016-08-10T10:18:47" hostname="Academy7" time="0.0">
  <properties/>
  <testcase name="isbnShouldHave10Characters" classname="library.BookTest" time="0.0"/>
  <system-out><![CDATA[]]></system-out>
  <system-err><![CDATA[]]></system-err>
</testsuite>
